# JRE version: OpenJDK Runtime Environment (7.0_121) (build 1.7.0_121-b00)
# Java VM: OpenJDK 64-Bit Server VM (24.121-b00 mixed mode linux-amd64 compressed oops)
Heap
 PSYoungGen      total 134144K, used 24785K [0x00000007d6e80000, 0x00000007df680000, 0x0000000800000000)
  eden space 129024K, 19% used [0x00000007d6e80000,0x00000007d86b4798,0x00000007dec80000)
  from space 5120K, 0% used [0x00000007df180000,0x00000007df180000,0x00000007df680000)
  to   space 5120K, 0% used [0x00000007dec80000,0x00000007dec80000,0x00000007df180000)
 ParOldGen       total 168448K, used 79150K [0x0000000784c00000, 0x000000078f080000, 0x00000007d6e80000)
  object space 168448K, 46% used [0x0000000784c00000,0x000000078994ba88,0x000000078f080000)
 PSPermGen       total 21504K, used 3566K [0x000000077a600000, 0x000000077bb00000, 0x0000000784c00000)
  object space 21504K, 16% used [0x000000077a600000,0x000000077a97b910,0x000000077bb00000)
GC Heap History (10 events):
Event: 0,181 GC heap before
{Heap before GC invocations=1 (full 0):
 PSYoungGen      total 37376K, used 29493K [0x00000007d6e80000, 0x00000007d9800000, 0x0000000800000000)
  eden space 32256K, 91% used [0x00000007d6e80000,0x00000007d8b4d778,0x00000007d8e00000)
  from space 5120K, 0% used [0x00000007d9300000,0x00000007d9300000,0x00000007d9800000)
  to   space 5120K, 0% used [0x00000007d8e00000,0x00000007d8e00000,0x00000007d9300000)
 ParOldGen       total 83968K, used 0K [0x0000000784c00000, 0x0000000789e00000, 0x00000007d6e80000)
  object space 83968K, 0% used [0x0000000784c00000,0x0000000784c00000,0x0000000789e00000)
 PSPermGen       total 21504K, used 3322K [0x000000077a600000, 0x000000077bb00000, 0x0000000784c00000)
  object space 21504K, 15% used [0x000000077a600000,0x000000077a93e910,0x000000077bb00000)
Event: 0,204 GC heap after
Heap after GC invocations=1 (full 0):
 PSYoungGen      total 37376K, used 5120K [0x00000007d6e80000, 0x00000007db780000, 0x0000000800000000)
  eden space 32256K, 0% used [0x00000007d6e80000,0x00000007d6e80000,0x00000007d8e00000)
  from space 5120K, 100% used [0x00000007d8e00000,0x00000007d9300000,0x00000007d9300000)
  to   space 5120K, 0% used [0x00000007db280000,0x00000007db280000,0x00000007db780000)
 ParOldGen       total 83968K, used 22634K [0x0000000784c00000, 0x0000000789e00000, 0x00000007d6e80000)
  object space 83968K, 26% used [0x0000000784c00000,0x000000078621ab78,0x0000000789e00000)
 PSPermGen       total 21504K, used 3322K [0x000000077a600000, 0x000000077bb00000, 0x0000000784c00000)
  object space 21504K, 15% used [0x000000077a600000,0x000000077a93e910,0x000000077bb00000)
}
Event: 0,250 GC heap before
{Heap before GC invocations=2 (full 0):
 PSYoungGen      total 37376K, used 37376K [0x00000007d6e80000, 0x00000007db780000, 0x0000000800000000)
  eden space 32256K, 100% used [0x00000007d6e80000,0x00000007d8e00000,0x00000007d8e00000)
  from space 5120K, 100% used [0x00000007d8e00000,0x00000007d9300000,0x00000007d9300000)
  to   space 5120K, 0% used [0x00000007db280000,0x00000007db280000,0x00000007db780000)
 ParOldGen       total 83968K, used 22634K [0x0000000784c00000, 0x0000000789e00000, 0x00000007d6e80000)
  object space 83968K, 26% used [0x0000000784c00000,0x000000078621ab78,0x0000000789e00000)
 PSPermGen       total 21504K, used 3324K [0x000000077a600000, 0x000000077bb00000, 0x0000000784c00000)
  object space 21504K, 15% used [0x000000077a600000,0x000000077a93f118,0x000000077bb00000)
Event: 0,276 GC heap after
Heap after GC invocations=2 (full 0):
 PSYoungGen      total 69632K, used 5120K [0x00000007d6e80000, 0x00000007db780000, 0x0000000800000000)
  eden space 64512K, 0% used [0x00000007d6e80000,0x00000007d6e80000,0x00000007dad80000)
  from space 5120K, 100% used [0x00000007db280000,0x00000007db780000,0x00000007db780000)
  to   space 5120K, 0% used [0x00000007dad80000,0x00000007dad80000,0x00000007db280000)
 ParOldGen       total 83968K, used 32562K [0x0000000784c00000, 0x0000000789e00000, 0x00000007d6e80000)
  object space 83968K, 38% used [0x0000000784c00000,0x0000000786bccb90,0x0000000789e00000)
 PSPermGen       total 21504K, used 3324K [0x000000077a600000, 0x000000077bb00000, 0x0000000784c00000)
  object space 21504K, 15% used [0x000000077a600000,0x000000077a93f118,0x000000077bb00000)
}
Event: 0,308 GC heap before
{Heap before GC invocations=3 (full 0):
 PSYoungGen      total 69632K, used 69632K [0x00000007d6e80000, 0x00000007db780000, 0x0000000800000000)
  eden space 64512K, 100% used [0x00000007d6e80000,0x00000007dad80000,0x00000007dad80000)
  from space 5120K, 100% used [0x00000007db280000,0x00000007db780000,0x00000007db780000)
  to   space 5120K, 0% used [0x00000007dad80000,0x00000007dad80000,0x00000007db280000)
 ParOldGen       total 83968K, used 32562K [0x0000000784c00000, 0x0000000789e00000, 0x00000007d6e80000)
  object space 83968K, 38% used [0x0000000784c00000,0x0000000786bccb90,0x0000000789e00000)
 PSPermGen       total 21504K, used 3324K [0x000000077a600000, 0x000000077bb00000, 0x0000000784c00000)
  object space 21504K, 15% used [0x000000077a600000,0x000000077a93f118,0x000000077bb00000)
Event: 0,388 GC heap after
Heap after GC invocations=3 (full 0):
 PSYoungGen      total 69632K, used 5088K [0x00000007d6e80000, 0x00000007df680000, 0x0000000800000000)
  eden space 64512K, 0% used [0x00000007d6e80000,0x00000007d6e80000,0x00000007dad80000)
  from space 5120K, 99% used [0x00000007dad80000,0x00000007db278020,0x00000007db280000)
  to   space 5120K, 0% used [0x00000007df180000,0x00000007df180000,0x00000007df680000)
 ParOldGen       total 83968K, used 43402K [0x0000000784c00000, 0x0000000789e00000, 0x00000007d6e80000)
  object space 83968K, 51% used [0x0000000784c00000,0x0000000787662b90,0x0000000789e00000)
 PSPermGen       total 21504K, used 3324K [0x000000077a600000, 0x000000077bb00000, 0x0000000784c00000)
  object space 21504K, 15% used [0x000000077a600000,0x000000077a93f118,0x000000077bb00000)
}
Event: 0,419 GC heap before
{Heap before GC invocations=4 (full 0):
 PSYoungGen      total 69632K, used 69600K [0x00000007d6e80000, 0x00000007df680000, 0x0000000800000000)
  eden space 64512K, 100% used [0x00000007d6e80000,0x00000007dad80000,0x00000007dad80000)
  from space 5120K, 99% used [0x00000007dad80000,0x00000007db278020,0x00000007db280000)
  to   space 5120K, 0% used [0x00000007df180000,0x00000007df180000,0x00000007df680000)
 ParOldGen       total 83968K, used 43402K [0x0000000784c00000, 0x0000000789e00000, 0x00000007d6e80000)
  object space 83968K, 51% used [0x0000000784c00000,0x0000000787662b90,0x0000000789e00000)
 PSPermGen       total 21504K, used 3324K [0x000000077a600000, 0x000000077bb00000, 0x0000000784c00000)
  object space 21504K, 15% used [0x000000077a600000,0x000000077a93f378,0x000000077bb00000)
Event: 0,471 GC heap after
Heap after GC invocations=4 (full 0):
 PSYoungGen      total 134144K, used 5088K [0x00000007d6e80000, 0x00000007df680000, 0x0000000800000000)
  eden space 129024K, 0% used [0x00000007d6e80000,0x00000007d6e80000,0x00000007dec80000)
  from space 5120K, 99% used [0x00000007df180000,0x00000007df678020,0x00000007df680000)
  to   space 5120K, 0% used [0x00000007dec80000,0x00000007dec80000,0x00000007df180000)
 ParOldGen       total 83968K, used 74338K [0x0000000784c00000, 0x0000000789e00000, 0x00000007d6e80000)
  object space 83968K, 88% used [0x0000000784c00000,0x0000000789498ba8,0x0000000789e00000)
 PSPermGen       total 21504K, used 3324K [0x000000077a600000, 0x000000077bb00000, 0x0000000784c00000)
  object space 21504K, 15% used [0x000000077a600000,0x000000077a93f378,0x000000077bb00000)
}
Event: 0,471 GC heap before
{Heap before GC invocations=5 (full 1):
 PSYoungGen      total 134144K, used 5088K [0x00000007d6e80000, 0x00000007df680000, 0x0000000800000000)
  eden space 129024K, 0% used [0x00000007d6e80000,0x00000007d6e80000,0x00000007dec80000)
  from space 5120K, 99% used [0x00000007df180000,0x00000007df678020,0x00000007df680000)
  to   space 5120K, 0% used [0x00000007dec80000,0x00000007dec80000,0x00000007df180000)
 ParOldGen       total 83968K, used 74338K [0x0000000784c00000, 0x0000000789e00000, 0x00000007d6e80000)
  object space 83968K, 88% used [0x0000000784c00000,0x0000000789498ba8,0x0000000789e00000)
 PSPermGen       total 21504K, used 3324K [0x000000077a600000, 0x000000077bb00000, 0x0000000784c00000)
  object space 21504K, 15% used [0x000000077a600000,0x000000077a93f378,0x000000077bb00000)
Event: 1,380 GC heap after
Heap after GC invocations=5 (full 1):
 PSYoungGen      total 134144K, used 0K [0x00000007d6e80000, 0x00000007df680000, 0x0000000800000000)
  eden space 129024K, 0% used [0x00000007d6e80000,0x00000007d6e80000,0x00000007dec80000)
  from space 5120K, 0% used [0x00000007df180000,0x00000007df180000,0x00000007df680000)
  to   space 5120K, 0% used [0x00000007dec80000,0x00000007dec80000,0x00000007df180000)
 ParOldGen       total 168448K, used 79150K [0x0000000784c00000, 0x000000078f080000, 0x00000007d6e80000)
  object space 168448K, 46% used [0x0000000784c00000,0x000000078994ba88,0x000000078f080000)
 PSPermGen       total 21504K, used 3323K [0x000000077a600000, 0x000000077bb00000, 0x0000000784c00000)
  object space 21504K, 15% used [0x000000077a600000,0x000000077a93efb8,0x000000077bb00000)
}

